0 info it worked if it ends with ok
1 verbose cli [ '/usr/bin/node', '/usr/bin/npm', 'run', 'watch' ]
2 info using npm@3.10.10
3 info using node@v6.16.0
4 verbose run-script [ 'prewatch', 'watch', 'postwatch' ]
5 info lifecycle h5p-cornell@1.0.0~prewatch: h5p-cornell@1.0.0
6 silly lifecycle h5p-cornell@1.0.0~prewatch: no script for prewatch, continuing
7 info lifecycle h5p-cornell@1.0.0~watch: h5p-cornell@1.0.0
8 verbose lifecycle h5p-cornell@1.0.0~watch: unsafe-perm in lifecycle true
9 verbose lifecycle h5p-cornell@1.0.0~watch: PATH: /usr/lib/node_modules/npm/bin/node-gyp-bin:/opt/lampp/htdocs/drupal/sites/default/files/h5p/development/h5p-cornell/node_modules/.bin:/usr/local/sbin:/usr/local/bin:/usr/sbin:/usr/bin:/sbin:/bin:/usr/games:/usr/local/games:/snap/bin
10 verbose lifecycle h5p-cornell@1.0.0~watch: CWD: /opt/lampp/htdocs/drupal/sites/default/files/h5p/development/h5p-cornell
11 silly lifecycle h5p-cornell@1.0.0~watch: Args: [ '-c', 'webpack --watch' ]
12 silly lifecycle h5p-cornell@1.0.0~watch: Returned: code: 139  signal: null
13 info lifecycle h5p-cornell@1.0.0~watch: Failed to exec watch script
14 verbose stack Error: h5p-cornell@1.0.0 watch: `webpack --watch`
14 verbose stack Exit status 139
14 verbose stack     at EventEmitter.<anonymous> (/usr/lib/node_modules/npm/lib/utils/lifecycle.js:255:16)
14 verbose stack     at emitTwo (events.js:106:13)
14 verbose stack     at EventEmitter.emit (events.js:191:7)
14 verbose stack     at ChildProcess.<anonymous> (/usr/lib/node_modules/npm/lib/utils/spawn.js:40:14)
14 verbose stack     at emitTwo (events.js:106:13)
14 verbose stack     at ChildProcess.emit (events.js:191:7)
14 verbose stack     at maybeClose (internal/child_process.js:920:16)
14 verbose stack     at Process.ChildProcess._handle.onexit (internal/child_process.js:230:5)
15 verbose pkgid h5p-cornell@1.0.0
16 verbose cwd /opt/lampp/htdocs/drupal/sites/default/files/h5p/development/h5p-cornell
17 error Linux 4.4.0-143-generic
18 error argv "/usr/bin/node" "/usr/bin/npm" "run" "watch"
19 error node v6.16.0
20 error npm  v3.10.10
21 error code ELIFECYCLE
22 error h5p-cornell@1.0.0 watch: `webpack --watch`
22 error Exit status 139
23 error Failed at the h5p-cornell@1.0.0 watch script 'webpack --watch'.
23 error Make sure you have the latest version of node.js and npm installed.
23 error If you do, this is most likely a problem with the h5p-cornell package,
23 error not with npm itself.
23 error Tell the author that this fails on your system:
23 error     webpack --watch
23 error You can get information on how to open an issue for this project with:
23 error     npm bugs h5p-cornell
23 error Or if that isn't available, you can get their info via:
23 error     npm owner ls h5p-cornell
23 error There is likely additional logging output above.
24 verbose exit [ 1, true ]
